

= 08.09.2022 11:58:39 (UTC +8:00) === ECU-TEST 2021.2.113427+6b6fb661af22 113427+6b6fb661af22 (2021/06/28 11:25:11) (64bit) ===

License: ECU-TEST
         - License options:
             + Diagnostics add-on
             + Trace Analysis
         - valid up to version: 2022.4
         - valid until: 31-dec-2022
         - licensed for: TURING
         - Server: 192.168.1.17


2022-09-08 11:58:39.008 15856 ManagedWorker-1*PE.Run() ERROR:
                        Traceback (most recent call last):
                          File "tts\testExecution\engine\TestEngine.py", line 953, in ExecuteTestStep
                          File "tts\testExecution\testSteps\generic\TestStepJobExec.py", line 250, in Run
                        tt._Exceptions_.TTError: An error occurred when calling "ByteStream('01 05')": invalid Syntax
2022-09-08 11:58:39.033 15856 ManagedWorker-1*PE.Run() ERROR:
                        Traceback (most recent call last):
                          File "tts\core\report\TestReport.py", line 336, in Process
                          File "tts\testExecution\testSteps\generic\TestStepJobExec.py", line 117, in Report
                        AttributeError: 'NoneType' object has no attribute 'GetValue'
