

= 30.08.2022 20:56:41 (UTC +8:00) === ECU-TEST 2022.2.125314+1e79c4002501 125314+1e79c4002501 (2022/06/14 12:33:44) (64bit) ===
Python 3.9.7 (tags/v3.9.7:1016ef3, Aug 30 2021, 20:19:38) [MSC v.1929 64 bit (AMD64)]

Roaming License: ECU-TEST
         - License options:
             + Diagnostics add-on
             + Trace Analysis
         - valid up to version: 2022.4
         - valid until: 14-sep-2022
         - licensed for: TURING


2022-08-30 20:56:41.434 9260 ManagedWorker-6*PE.Run() ERROR:
                        Traceback (most recent call last):
                          File "tts\testExecution\testSteps\dataoperations\calculationNG\TsCalculationExec.py", line 139, in Call
                          File "tts\core\expressions\BaseExpressions.py", line 1887, in Evaluate
                        TypeError: 'method' object is not subscriptable
                        
                        During handling of the above exception, another exception occurred:
                        
                        Traceback (most recent call last):
                          File "tts\testExecution\engine\TestEngine.py", line 970, in ExecuteTestStep
                          File "tts\testExecution\testSteps\dataoperations\calculationNG\TsCalculationExec.py", line 191, in Run
                          File "tts\testExecution\testSteps\dataoperations\calculationNG\TsCalculationExec.py", line 143, in Call
                        tts.testExecution.testSteps.dataoperations.calculationNG.TsCalculationExec.UserCodeException: 'method' object is not subscriptable
