

= 29.08.2022 11:36:55 (UTC +8:00) === ECU-TEST 2022.2.125314+1e79c4002501 125314+1e79c4002501 (2022/06/14 12:33:44) (64bit) ===
Python 3.9.7 (tags/v3.9.7:1016ef3, Aug 30 2021, 20:19:38) [MSC v.1929 64 bit (AMD64)]

Roaming License: ECU-TEST
         - License options:
             + Diagnostics add-on
             + Trace Analysis
         - valid up to version: 2022.4
         - valid until: 14-sep-2022
         - licensed for: TURING


2022-08-29 11:36:55.558 2496 ManagedWorker-6*PE.Run() ERROR:
                        Traceback (most recent call last):
                          File "tts\testExecution\testSteps\package\TsPackageExec.py", line 415, in _PassReturns
                          File "tts\core\package\varManager\VariableContainer.py", line 88, in __getitem__
                          File "tts\core\package\varManager\VariableContainer.py", line 65, in __varToValue
                        tts.core.package.varManager.Exceptions.VariableError: Read access to uninitialized variable: vehvel_diff
                        
                        During handling of the above exception, another exception occurred:
                        
                        Traceback (most recent call last):
                          File "tts\testExecution\engine\TestEngine.py", line 970, in ExecuteTestStep
                          File "tts\testExecution\testSteps\package\TsPackageExec.py", line 290, in Run
                          File "tts\testExecution\testSteps\package\TsPackageExec.py", line 321, in _Run
                          File "tts\testExecution\testSteps\package\TsPackageExec.py", line 341, in __RunTestSteps
                          File "tts\testExecution\testSteps\package\TsPackageExec.py", line 430, in _PassReturns
                        AttributeError: 'TsPackage' object has no attribute 'GetPath'
